[2023-02-19T10:56:28.433] [DEBUG] default - Server started listening at port 5000...
[2023-02-19T10:56:35.770] [DEBUG] default - Server started listening at port 5000...
[2023-02-19T10:56:41.796] [INFO] default - Server started listening at port 5000...
[2023-02-19T10:56:59.851] [INFO] default - Server started listening at port 5000...
[2023-02-19T10:57:01.810] [INFO] default - Server started listening at port 5000...
[2023-02-19T10:57:22.939] [INFO] default - Server started listening at port 5000...
[2023-02-19T10:57:32.189] [INFO] default - Server started listening at port 5000...
[2023-02-19T10:57:34.538] [INFO] default - Server started listening at port 5000...
[2023-02-19T10:57:35.782] [INFO] default - Server started listening at port 5000...
[2023-02-19T10:57:37.095] [INFO] default - Server started listening at port 5000...
[2023-02-19T10:57:41.884] [INFO] default - Server started listening at port 5000...
[2023-02-19T10:57:43.475] [INFO] default - Server started listening at port 5000...
[2023-02-19T10:57:46.045] [INFO] default - Server started listening at port 5000...
[2023-02-19T10:57:50.561] [INFO] default - Server started listening at port 5000...
[2023-02-19T10:57:52.506] [INFO] default - Server started listening at port 5000...
[2023-02-19T10:57:55.401] [INFO] default - Server started listening at port 5000...
[2023-02-19T10:57:57.668] [INFO] default - Server started listening at port 5000...
[2023-02-19T10:58:08.283] [INFO] default - Server started listening at port 5000...
[2023-02-19T10:58:14.922] [INFO] default - Server started listening at port 5000...
[2023-02-19T10:58:20.175] [INFO] default - Server started listening at port 5000...
[2023-02-19T10:58:27.214] [INFO] default - Server started listening at port 5000...
[2023-02-19T10:58:35.986] [INFO] default - Server started listening at port 5000...
[2023-02-19T10:58:38.560] [INFO] default - Server started listening at port 5000...
[2023-02-19T10:58:43.163] [INFO] default - Server started listening at port 5000...
[2023-02-19T10:58:48.262] [INFO] default - Server started listening at port 5000...
[2023-02-19T10:58:52.881] [INFO] default - Server started listening at port 5000...
[2023-02-19T10:58:58.833] [INFO] default - Server started listening at port 5000...
[2023-02-19T10:59:02.879] [INFO] default - Server started listening at port 5000...
[2023-02-19T11:01:10.924] [INFO] default - Server started listening at port 5000...
[2023-02-19T11:01:13.549] [INFO] default - Server started listening at port 5000...
[2023-02-19T11:01:15.542] [INFO] default - Server started listening at port 5000...
[2023-02-19T11:01:32.308] [INFO] default - Server started listening at port 5000...
[2023-02-19T11:01:39.548] [INFO] default - Server started listening at port 5000...
[2023-02-19T11:01:41.191] [INFO] default - Server started listening at port 5000...
[2023-02-19T11:01:45.976] [INFO] default - Server started listening at port 5000...
[2023-02-19T11:01:49.084] [INFO] default - Server started listening at port 5000...
[2023-02-19T11:02:01.666] [INFO] default - Server started listening at port 5000...
[2023-02-19T11:02:08.036] [INFO] default - Server started listening at port 5000...
[2023-02-19T11:02:21.771] [INFO] default - Server started listening at port 5000...
[2023-02-19T11:02:28.941] [INFO] default - Server started listening at port 5000...
[2023-02-19T11:02:31.829] [INFO] default - Server started listening at port 5000...
[2023-02-19T11:02:36.652] [INFO] default - Server started listening at port 5000...
[2023-02-19T11:02:39.679] [INFO] default - Server started listening at port 5000...
[2023-02-19T11:02:57.339] [INFO] default - Server started listening at port 5000...
[2023-02-19T11:03:03.048] [INFO] default - Server started listening at port 5000...
[2023-02-19T11:03:11.574] [INFO] default - Server started listening at port 5000...
[2023-02-19T11:03:15.209] [INFO] default - Server started listening at port 5000...
[2023-02-19T11:03:22.015] [INFO] default - Server started listening at port 5000...
[2023-02-19T11:03:25.396] [INFO] default - Server started listening at port 5000...
[2023-02-19T11:03:28.102] [INFO] default - Server started listening at port 5000...
[2023-02-19T11:03:33.428] [INFO] default - Server started listening at port 5000...
[2023-02-19T11:03:47.447] [INFO] default - Server started listening at port 5000...
[2023-02-19T11:03:57.920] [INFO] default - Server started listening at port 5000...
[2023-02-19T11:04:00.258] [INFO] default - Server started listening at port 5000...
[2023-02-19T11:04:02.450] [INFO] default - Server started listening at port 5000...
[2023-02-19T11:04:03.864] [INFO] default - Server started listening at port 5000...
[2023-02-19T11:04:12.852] [INFO] default - Server started listening at port 5000...
[2023-02-19T11:04:18.467] [INFO] default - Server started listening at port 5000...
[2023-02-19T11:04:20.456] [INFO] default - Server started listening at port 5000...
[2023-02-19T11:04:21.700] [INFO] default - Server started listening at port 5000...
[2023-02-19T11:04:33.704] [INFO] default - Server started listening at port 5000...
[2023-02-19T11:04:35.492] [INFO] default - Server started listening at port 5000...
[2023-02-19T11:04:55.367] [INFO] default - Server started listening at port 5000...
[2023-02-19T11:05:00.137] [INFO] default - Server started listening at port 5000...
[2023-02-19T11:05:04.976] [INFO] default - Server started listening at port 5000...
[2023-02-19T11:05:12.462] [INFO] default - Server started listening at port 5000...
[2023-02-19T11:05:16.075] [INFO] default - Server started listening at port 5000...
[2023-02-19T11:05:18.290] [INFO] default - Server started listening at port 5000...
[2023-02-19T11:05:21.956] [INFO] default - Server started listening at port 5000...
[2023-02-19T11:05:23.138] [INFO] default - Server started listening at port 5000...
[2023-02-19T11:05:25.015] [INFO] default - Server started listening at port 5000...
[2023-02-19T11:05:28.970] [INFO] default - Server started listening at port 5000...
[2023-02-19T11:05:33.033] [INFO] default - Server started listening at port 5000...
[2023-02-19T11:05:35.753] [INFO] default - Server started listening at port 5000...
[2023-02-19T11:05:38.035] [INFO] default - Server started listening at port 5000...
[2023-02-19T11:05:39.375] [INFO] default - Server started listening at port 5000...
[2023-02-19T11:05:40.383] [INFO] default - Server started listening at port 5000...
[2023-02-19T11:05:45.140] [INFO] default - Server started listening at port 5000...
[2023-02-19T11:05:50.333] [INFO] default - Server started listening at port 5000...
[2023-02-19T11:05:53.504] [INFO] default - Server started listening at port 5000...
[2023-02-19T11:05:55.497] [INFO] default - Server started listening at port 5000...
[2023-02-19T11:06:04.594] [INFO] default - Server started listening at port 5000...
[2023-02-19T11:06:07.864] [INFO] default - Server started listening at port 5000...
[2023-02-19T11:06:09.127] [INFO] default - Server started listening at port 5000...
[2023-02-19T11:06:11.198] [INFO] default - Server started listening at port 5000...
[2023-02-19T11:06:16.022] [INFO] default - Server started listening at port 5000...
[2023-02-19T11:06:29.720] [INFO] default - Server started listening at port 5000...
[2023-02-19T11:06:30.832] [INFO] default - Server started listening at port 5000...
[2023-02-19T11:06:40.460] [INFO] default - Server started listening at port 5000...
[2023-02-19T11:06:44.718] [INFO] default - Server started listening at port 5000...
[2023-02-19T11:06:47.730] [INFO] default - Server started listening at port 5000...
[2023-02-19T11:06:50.213] [INFO] default - Server started listening at port 5000...
[2023-02-19T11:06:51.796] [INFO] default - Server started listening at port 5000...
[2023-02-19T11:06:59.006] [INFO] default - Server started listening at port 5000...
[2023-02-19T11:07:03.045] [INFO] default - Server started listening at port 5000...
[2023-02-19T11:07:04.889] [INFO] default - Server started listening at port 5000...
[2023-02-19T11:07:13.718] [INFO] default - Server started listening at port 5000...
[2023-02-19T11:07:21.804] [INFO] default - Server started listening at port 5000...
[2023-02-19T11:07:26.453] [INFO] default - Server started listening at port 5000...
[2023-02-19T11:07:41.961] [INFO] default - Server started listening at port 5000...
[2023-02-19T11:07:46.227] [INFO] default - Server started listening at port 5000...
[2023-02-19T11:08:55.602] [INFO] default - Server started listening at port 5000...
[2023-02-19T11:09:11.975] [INFO] default - Server started listening at port 5000...
[2023-02-19T11:09:16.847] [INFO] default - Server started listening at port 5000...
[2023-02-19T11:09:21.862] [INFO] default - Server started listening at port 5000...
[2023-02-19T11:09:23.207] [INFO] default - Server started listening at port 5000...
[2023-02-19T11:10:41.271] [INFO] default - Server started listening at port 5000...
[2023-02-19T11:10:45.211] [DEBUG] default - CCP:  {
  name: 'first-network-org1',
  version: '1.0.0',
  client: { organization: 'Org1', connection: { timeout: [Object] } },
  organizations: {
    Org1: {
      mspid: 'Org1MSP',
      peers: [Array],
      certificateAuthorities: [Array]
    }
  },
  peers: {
    'peer0.org1.example.com': {
      url: 'grpcs://peer0.org1.example.com:7050',
      tlsCACerts: [Object],
      grpcOptions: [Object]
    },
    'peer1.org1.example.com': {
      url: 'grpcs://peer1.org1.example.com:7051',
      tlsCACerts: [Object],
      grpcOptions: [Object]
    }
  },
  certificateAuthorities: {
    'ca.org1.example.com': {
      url: 'https://ca.org1.example.com:7054',
      caName: 'ca.org1.example.com',
      tlsCACerts: [Object],
      httpOptions: [Object]
    }
  }
}
[2023-02-19T11:11:02.971] [INFO] default - Server started listening at port 5000...
[2023-02-19T11:11:05.710] [DEBUG] default - CCP:  {
  name: 'first-network-org1',
  version: '1.0.0',
  client: { organization: 'Org1', connection: { timeout: [Object] } },
  organizations: {
    Org1: {
      mspid: 'Org1MSP',
      peers: [Array],
      certificateAuthorities: [Array]
    }
  },
  peers: {
    'peer0.org1.example.com': {
      url: 'grpcs://peer0.org1.example.com:7050',
      tlsCACerts: [Object],
      grpcOptions: [Object]
    },
    'peer1.org1.example.com': {
      url: 'grpcs://peer1.org1.example.com:7051',
      tlsCACerts: [Object],
      grpcOptions: [Object]
    }
  },
  certificateAuthorities: {
    'ca.org1.example.com': {
      url: 'https://ca.org1.example.com:7054',
      caName: 'ca.org1.example.com',
      tlsCACerts: [Object],
      httpOptions: [Object]
    }
  }
}
[2023-02-19T11:12:31.058] [INFO] default - Server started listening at port 5000...
[2023-02-19T11:12:36.042] [INFO] default - Server started listening at port 5000...
[2023-02-19T11:12:45.340] [INFO] default - Server started listening at port 5000...
[2023-02-19T11:12:49.294] [INFO] default - Server started listening at port 5000...
[2023-02-19T11:12:50.387] [INFO] default - Server started listening at port 5000...
[2023-02-19T11:13:28.521] [INFO] default - Server started listening at port 5000...
[2023-02-19T11:13:45.376] [INFO] default - Server started listening at port 5000...
[2023-02-19T11:13:54.342] [INFO] default - Server started listening at port 5000...
[2023-02-19T11:13:56.645] [INFO] default - Server started listening at port 5000...
[2023-02-19T11:14:00.300] [INFO] default - Server started listening at port 5000...
[2023-02-19T11:14:07.720] [INFO] default - Server started listening at port 5000...
[2023-02-19T11:14:11.339] [INFO] default - Server started listening at port 5000...
[2023-02-19T11:14:21.691] [INFO] default - Server started listening at port 5000...
[2023-02-19T11:14:24.767] [INFO] default - Server started listening at port 5000...
[2023-02-19T11:15:24.844] [INFO] default - Server started listening at port 5000...
[2023-02-19T11:15:35.485] [INFO] default - Server started listening at port 5000...
[2023-02-19T11:15:38.462] [INFO] default - Server started listening at port 5000...
[2023-02-19T11:15:43.749] [INFO] default - Server started listening at port 5000...
[2023-02-19T11:15:50.309] [INFO] default - Server started listening at port 5000...
[2023-02-19T11:15:56.108] [INFO] default - Server started listening at port 5000...
[2023-02-19T11:16:02.775] [INFO] default - Server started listening at port 5000...
[2023-02-19T11:16:04.157] [INFO] default - Server started listening at port 5000...
[2023-02-19T11:16:12.265] [INFO] default - Server started listening at port 5000...
[2023-02-19T11:16:19.202] [INFO] default - Server started listening at port 5000...
[2023-02-19T11:16:22.045] [INFO] default - Server started listening at port 5000...
[2023-02-19T11:16:26.649] [INFO] default - Server started listening at port 5000...
[2023-02-19T11:17:44.504] [INFO] default - Server started listening at port 5000...
[2023-02-19T11:17:49.208] [INFO] default - Server started listening at port 5000...
[2023-02-19T11:18:02.483] [INFO] default - Server started listening at port 5000...
[2023-02-19T11:18:04.633] [INFO] default - Server started listening at port 5000...
[2023-02-19T11:18:08.285] [INFO] default - Server started listening at port 5000...
[2023-02-19T11:18:13.402] [INFO] default - Server started listening at port 5000...
[2023-02-19T11:18:27.530] [INFO] default - Server started listening at port 5000...
[2023-02-19T11:18:32.519] [INFO] default - Server started listening at port 5000...
[2023-02-19T11:18:33.675] [INFO] default - Server started listening at port 5000...
[2023-02-19T11:18:42.205] [INFO] default - Server started listening at port 5000...
[2023-02-19T11:18:43.588] [INFO] default - Server started listening at port 5000...
[2023-02-19T11:18:48.209] [INFO] default - Server started listening at port 5000...
[2023-02-19T11:18:51.487] [INFO] default - Server started listening at port 5000...
[2023-02-19T11:18:53.289] [INFO] default - Server started listening at port 5000...
[2023-02-19T11:18:59.337] [INFO] default - Server started listening at port 5000...
[2023-02-19T11:19:03.942] [INFO] default - Server started listening at port 5000...
[2023-02-19T11:19:06.829] [INFO] default - Server started listening at port 5000...
[2023-02-19T11:19:09.592] [DEBUG] default - CaUrl:  Promise {
  <rejected> ReferenceError: orgname is not defined
      at getCaUrl (file:///home/bilal/test2/setup1/vm1/api-2.0/utils/helper.js:25:5)
      at registerIdentity (file:///home/bilal/test2/setup1/vm1/api-2.0/controller/identityController.js:21:19)
      at Layer.handle [as handle_request] (/home/bilal/test2/setup1/vm1/api-2.0/node_modules/express/lib/router/layer.js:95:5)
      at next (/home/bilal/test2/setup1/vm1/api-2.0/node_modules/express/lib/router/route.js:144:13)
      at Route.dispatch (/home/bilal/test2/setup1/vm1/api-2.0/node_modules/express/lib/router/route.js:114:3)
      at Layer.handle [as handle_request] (/home/bilal/test2/setup1/vm1/api-2.0/node_modules/express/lib/router/layer.js:95:5)
      at /home/bilal/test2/setup1/vm1/api-2.0/node_modules/express/lib/router/index.js:284:15
      at Function.process_params (/home/bilal/test2/setup1/vm1/api-2.0/node_modules/express/lib/router/index.js:346:12)
      at next (/home/bilal/test2/setup1/vm1/api-2.0/node_modules/express/lib/router/index.js:280:10)
      at Function.handle (/home/bilal/test2/setup1/vm1/api-2.0/node_modules/express/lib/router/index.js:175:3)
}
[2023-02-19T11:19:29.881] [INFO] default - Server started listening at port 5000...
[2023-02-19T11:19:32.860] [INFO] default - Server started listening at port 5000...
[2023-02-19T11:19:34.638] [DEBUG] default - CaUrl:  Promise {
  <rejected> TypeError: Cannot read properties of undefined (reading 'ca.org1.example.com')
      at getCaUrl (file:///home/bilal/test2/setup1/vm1/api-2.0/utils/helper.js:26:56)
      at registerIdentity (file:///home/bilal/test2/setup1/vm1/api-2.0/controller/identityController.js:21:19)
      at Layer.handle [as handle_request] (/home/bilal/test2/setup1/vm1/api-2.0/node_modules/express/lib/router/layer.js:95:5)
      at next (/home/bilal/test2/setup1/vm1/api-2.0/node_modules/express/lib/router/route.js:144:13)
      at Route.dispatch (/home/bilal/test2/setup1/vm1/api-2.0/node_modules/express/lib/router/route.js:114:3)
      at Layer.handle [as handle_request] (/home/bilal/test2/setup1/vm1/api-2.0/node_modules/express/lib/router/layer.js:95:5)
      at /home/bilal/test2/setup1/vm1/api-2.0/node_modules/express/lib/router/index.js:284:15
      at Function.process_params (/home/bilal/test2/setup1/vm1/api-2.0/node_modules/express/lib/router/index.js:346:12)
      at next (/home/bilal/test2/setup1/vm1/api-2.0/node_modules/express/lib/router/index.js:280:10)
      at Function.handle (/home/bilal/test2/setup1/vm1/api-2.0/node_modules/express/lib/router/index.js:175:3)
}
[2023-02-19T11:20:35.532] [INFO] default - Server started listening at port 5000...
[2023-02-19T11:20:38.663] [INFO] default - Server started listening at port 5000...
[2023-02-19T11:20:41.524] [DEBUG] default - CertificateAuthorities:  undefined
[2023-02-19T11:21:20.094] [INFO] default - Server started listening at port 5000...
[2023-02-19T11:21:21.176] [INFO] default - Server started listening at port 5000...
[2023-02-19T11:21:22.465] [INFO] default - Server started listening at port 5000...
[2023-02-19T11:21:40.675] [INFO] default - Server started listening at port 5000...
[2023-02-19T11:21:42.297] [DEBUG] default - CCP:  Promise {
  {
    name: 'first-network-org1',
    version: '1.0.0',
    client: { organization: 'Org1', connection: [Object] },
    organizations: { Org1: [Object] },
    peers: {
      'peer0.org1.example.com': [Object],
      'peer1.org1.example.com': [Object]
    },
    certificateAuthorities: { 'ca.org1.example.com': [Object] }
  }
}
[2023-02-19T11:22:13.367] [INFO] default - Server started listening at port 5000...
[2023-02-19T11:22:16.877] [DEBUG] default - CCP:  Promise {
  {
    name: 'first-network-org1',
    version: '1.0.0',
    client: { organization: 'Org1', connection: [Object] },
    organizations: { Org1: [Object] },
    peers: {
      'peer0.org1.example.com': [Object],
      'peer1.org1.example.com': [Object]
    },
    certificateAuthorities: { 'ca.org1.example.com': [Object] }
  }
}
[2023-02-19T11:22:34.621] [INFO] default - Server started listening at port 5000...
[2023-02-19T11:22:35.989] [DEBUG] default - CCP:  Promise {
  {
    name: 'first-network-org1',
    version: '1.0.0',
    client: { organization: 'Org1', connection: [Object] },
    organizations: { Org1: [Object] },
    peers: {
      'peer0.org1.example.com': [Object],
      'peer1.org1.example.com': [Object]
    },
    certificateAuthorities: { 'ca.org1.example.com': [Object] }
  }
}
[2023-02-19T11:23:13.083] [INFO] default - Server started listening at port 5000...
[2023-02-19T11:23:16.821] [DEBUG] default - CCP:  {
  name: 'first-network-org1',
  version: '1.0.0',
  client: { organization: 'Org1', connection: { timeout: [Object] } },
  organizations: {
    Org1: {
      mspid: 'Org1MSP',
      peers: [Array],
      certificateAuthorities: [Array]
    }
  },
  peers: {
    'peer0.org1.example.com': {
      url: 'grpcs://peer0.org1.example.com:7050',
      tlsCACerts: [Object],
      grpcOptions: [Object]
    },
    'peer1.org1.example.com': {
      url: 'grpcs://peer1.org1.example.com:7051',
      tlsCACerts: [Object],
      grpcOptions: [Object]
    }
  },
  certificateAuthorities: {
    'ca.org1.example.com': {
      url: 'https://ca.org1.example.com:7054',
      caName: 'ca.org1.example.com',
      tlsCACerts: [Object],
      httpOptions: [Object]
    }
  }
}
[2023-02-19T11:23:16.835] [DEBUG] default - CertificateAuthorities:  {
  name: 'first-network-org1',
  version: '1.0.0',
  client: { organization: 'Org1', connection: { timeout: [Object] } },
  organizations: {
    Org1: {
      mspid: 'Org1MSP',
      peers: [Array],
      certificateAuthorities: [Array]
    }
  },
  peers: {
    'peer0.org1.example.com': {
      url: 'grpcs://peer0.org1.example.com:7050',
      tlsCACerts: [Object],
      grpcOptions: [Object]
    },
    'peer1.org1.example.com': {
      url: 'grpcs://peer1.org1.example.com:7051',
      tlsCACerts: [Object],
      grpcOptions: [Object]
    }
  },
  certificateAuthorities: {
    'ca.org1.example.com': {
      url: 'https://ca.org1.example.com:7054',
      caName: 'ca.org1.example.com',
      tlsCACerts: [Object],
      httpOptions: [Object]
    }
  }
}
[2023-02-19T11:23:16.841] [DEBUG] default - CaUrl:  Promise { 'https://ca.org1.example.com:7054' }
[2023-02-19T11:23:16.842] [DEBUG] default - CWD:  /home/bilal/test2/setup1/vm1/api-2.0
[2023-02-19T11:23:16.844] [DEBUG] default - Wallet Path:  Promise { '/home/bilal/test2/setup1/vm1/org1-wallet' }
[2023-02-19T11:23:32.180] [INFO] default - Server started listening at port 5000...
[2023-02-19T11:23:35.708] [INFO] default - Server started listening at port 5000...
[2023-02-19T11:23:37.207] [DEBUG] default - CCP:  {
  name: 'first-network-org1',
  version: '1.0.0',
  client: { organization: 'Org1', connection: { timeout: [Object] } },
  organizations: {
    Org1: {
      mspid: 'Org1MSP',
      peers: [Array],
      certificateAuthorities: [Array]
    }
  },
  peers: {
    'peer0.org1.example.com': {
      url: 'grpcs://peer0.org1.example.com:7050',
      tlsCACerts: [Object],
      grpcOptions: [Object]
    },
    'peer1.org1.example.com': {
      url: 'grpcs://peer1.org1.example.com:7051',
      tlsCACerts: [Object],
      grpcOptions: [Object]
    }
  },
  certificateAuthorities: {
    'ca.org1.example.com': {
      url: 'https://ca.org1.example.com:7054',
      caName: 'ca.org1.example.com',
      tlsCACerts: [Object],
      httpOptions: [Object]
    }
  }
}
[2023-02-19T11:23:37.244] [DEBUG] default - CertificateAuthorities:  {
  name: 'first-network-org1',
  version: '1.0.0',
  client: { organization: 'Org1', connection: { timeout: [Object] } },
  organizations: {
    Org1: {
      mspid: 'Org1MSP',
      peers: [Array],
      certificateAuthorities: [Array]
    }
  },
  peers: {
    'peer0.org1.example.com': {
      url: 'grpcs://peer0.org1.example.com:7050',
      tlsCACerts: [Object],
      grpcOptions: [Object]
    },
    'peer1.org1.example.com': {
      url: 'grpcs://peer1.org1.example.com:7051',
      tlsCACerts: [Object],
      grpcOptions: [Object]
    }
  },
  certificateAuthorities: {
    'ca.org1.example.com': {
      url: 'https://ca.org1.example.com:7054',
      caName: 'ca.org1.example.com',
      tlsCACerts: [Object],
      httpOptions: [Object]
    }
  }
}
[2023-02-19T11:23:37.275] [DEBUG] default - CaUrl:  https://ca.org1.example.com:7054
[2023-02-19T11:23:37.281] [DEBUG] default - CWD:  /home/bilal/test2/setup1/vm1/api-2.0
[2023-02-19T11:23:37.289] [DEBUG] default - Wallet Path:  /home/bilal/test2/setup1/vm1/org1-wallet
[2023-02-19T11:23:50.274] [INFO] default - Server started listening at port 5000...
[2023-02-19T11:23:51.491] [INFO] default - Server started listening at port 5000...
[2023-02-19T11:23:55.474] [INFO] default - Server started listening at port 5000...
[2023-02-19T11:23:57.062] [INFO] default - Server started listening at port 5000...
[2023-02-19T11:23:59.314] [DEBUG] default - Wallet Path:  /home/bilal/test2/setup1/vm1/org1-wallet
[2023-02-19T11:24:08.296] [INFO] default - Server started listening at port 5000...
[2023-02-19T11:24:46.928] [INFO] default - Server started listening at port 5000...
[2023-02-19T11:24:48.859] [INFO] default - Server started listening at port 5000...
[2023-02-19T11:24:53.471] [INFO] default - Server started listening at port 5000...
[2023-02-19T11:25:11.260] [INFO] default - Server started listening at port 5000...
[2023-02-19T11:25:13.580] [INFO] default - Server started listening at port 5000...
[2023-02-19T11:25:21.951] [INFO] default - Server started listening at port 5000...
[2023-02-19T11:25:26.210] [INFO] default - Server started listening at port 5000...
[2023-02-19T11:25:28.799] [INFO] default - Server started listening at port 5000...
[2023-02-19T11:25:32.875] [INFO] default - Server started listening at port 5000...
[2023-02-19T11:25:38.785] [INFO] default - Server started listening at port 5000...
[2023-02-19T11:25:40.396] [INFO] default - Server started listening at port 5000...
[2023-02-19T11:25:51.554] [INFO] default - Server started listening at port 5000...
[2023-02-19T11:25:57.077] [INFO] default - Server started listening at port 5000...
[2023-02-19T11:26:01.559] [INFO] default - Server started listening at port 5000...
[2023-02-19T11:26:09.988] [INFO] default - Server started listening at port 5000...
[2023-02-19T11:26:13.766] [INFO] default - Server started listening at port 5000...
[2023-02-19T11:26:50.276] [INFO] default - Server started listening at port 5000...
[2023-02-19T11:26:57.835] [INFO] default - Server started listening at port 5000...
[2023-02-19T11:27:21.903] [INFO] default - Server started listening at port 5000...
[2023-02-19T11:27:25.581] [INFO] default - Server started listening at port 5000...
[2023-02-19T11:27:26.997] [INFO] default - Server started listening at port 5000...
[2023-02-19T11:28:02.446] [INFO] default - Server started listening at port 5000...
[2023-02-19T11:28:07.410] [INFO] default - Server started listening at port 5000...
[2023-02-19T11:28:28.276] [INFO] default - Server started listening at port 5000...
[2023-02-19T11:28:58.374] [INFO] default - Server started listening at port 5000...
[2023-02-19T11:29:10.437] [INFO] default - Server started listening at port 5000...
[2023-02-19T11:29:16.610] [INFO] default - Server started listening at port 5000...
[2023-02-19T11:29:20.076] [INFO] default - Server started listening at port 5000...
[2023-02-19T11:30:43.736] [INFO] default - Server started listening at port 5000...
[2023-02-19T11:30:48.175] [INFO] default - Server started listening at port 5000...
[2023-02-19T11:35:00.450] [INFO] default - Server started listening at port 5000...
[2023-02-19T11:35:04.656] [INFO] default - Server started listening at port 5000...
[2023-02-19T11:35:10.745] [INFO] default - Server started listening at port 5000...
[2023-02-19T11:35:13.446] [INFO] default - Server started listening at port 5000...
[2023-02-19T11:35:31.707] [INFO] default - Server started listening at port 5000...
[2023-02-19T11:35:38.680] [INFO] default - Server started listening at port 5000...
[2023-02-19T11:35:41.146] [INFO] default - Server started listening at port 5000...
[2023-02-19T11:35:50.248] [INFO] default - Server started listening at port 5000...
[2023-02-19T11:36:13.787] [INFO] default - Server started listening at port 5000...
[2023-02-19T11:36:20.891] [INFO] default - Server started listening at port 5000...
[2023-02-19T11:36:26.134] [INFO] default - Server started listening at port 5000...
[2023-02-19T11:36:32.737] [INFO] default - Server started listening at port 5000...
[2023-02-19T11:36:38.682] [INFO] default - Server started listening at port 5000...
[2023-02-19T11:36:46.439] [INFO] default - Server started listening at port 5000...
[2023-02-19T11:36:55.146] [INFO] default - Server started listening at port 5000...
[2023-02-19T11:37:10.519] [INFO] default - Server started listening at port 5000...
[2023-02-19T11:37:31.437] [INFO] default - Server started listening at port 5000...
[2023-02-19T11:37:45.168] [INFO] default - Server started listening at port 5000...
[2023-02-19T11:37:50.834] [INFO] default - Server started listening at port 5000...
[2023-02-19T11:37:53.038] [INFO] default - Server started listening at port 5000...
[2023-02-19T11:38:11.850] [INFO] default - Server started listening at port 5000...
[2023-02-19T11:38:20.577] [INFO] default - Server started listening at port 5000...
[2023-02-19T11:38:26.480] [INFO] default - Server started listening at port 5000...
[2023-02-19T11:38:44.269] [INFO] default - Server started listening at port 5000...
[2023-02-19T11:38:48.084] [INFO] default - Server started listening at port 5000...
[2023-02-19T11:38:50.225] [INFO] default - Server started listening at port 5000...
[2023-02-19T11:38:51.822] [INFO] default - Server started listening at port 5000...
[2023-02-19T11:39:00.232] [INFO] default - Server started listening at port 5000...
[2023-02-19T11:39:12.652] [INFO] default - Server started listening at port 5000...
[2023-02-19T11:39:18.722] [INFO] default - Server started listening at port 5000...
[2023-02-19T11:39:25.666] [INFO] default - Server started listening at port 5000...
[2023-02-19T11:39:32.435] [INFO] default - Server started listening at port 5000...
[2023-02-19T11:39:36.818] [INFO] default - Server started listening at port 5000...
[2023-02-19T11:39:39.528] [INFO] default - Server started listening at port 5000...
[2023-02-19T11:39:56.116] [INFO] default - Server started listening at port 5000...
[2023-02-19T11:40:06.385] [INFO] default - Server started listening at port 5000...
[2023-02-19T11:40:11.398] [INFO] default - Server started listening at port 5000...
[2023-02-19T11:40:24.122] [INFO] default - Server started listening at port 5000...
[2023-02-19T11:40:50.063] [INFO] default - Server started listening at port 5000...
[2023-02-19T11:41:01.748] [INFO] default - Server started listening at port 5000...
[2023-02-19T11:41:08.002] [INFO] default - Server started listening at port 5000...
[2023-02-19T11:41:12.418] [INFO] default - Server started listening at port 5000...
[2023-02-19T11:41:16.201] [INFO] default - Server started listening at port 5000...
[2023-02-19T11:41:25.473] [INFO] default - Server started listening at port 5000...
[2023-02-19T11:41:33.340] [INFO] default - Server started listening at port 5000...
[2023-02-19T11:41:39.013] [INFO] default - Server started listening at port 5000...
[2023-02-19T11:41:47.008] [INFO] default - Server started listening at port 5000...
[2023-02-19T11:41:59.052] [INFO] default - Server started listening at port 5000...
[2023-02-19T11:42:05.808] [INFO] default - Server started listening at port 5000...
[2023-02-19T11:42:14.614] [INFO] default - Server started listening at port 5000...
[2023-02-19T11:42:18.925] [INFO] default - Server started listening at port 5000...
[2023-02-19T11:42:23.426] [INFO] default - Server started listening at port 5000...
[2023-02-19T11:42:33.621] [INFO] default - Server started listening at port 5000...
[2023-02-19T11:42:40.781] [INFO] default - Server started listening at port 5000...
[2023-02-19T11:42:49.588] [INFO] default - Server started listening at port 5000...
[2023-02-19T11:43:18.851] [INFO] default - Server started listening at port 5000...
[2023-02-19T11:43:20.780] [INFO] default - Server started listening at port 5000...
[2023-02-19T11:43:23.146] [INFO] default - Server started listening at port 5000...
[2023-02-19T11:49:24.187] [INFO] default - Server started listening at port 5000...
[2023-02-19T11:49:53.112] [INFO] default - Server started listening at port 5000...
[2023-02-19T11:50:35.185] [INFO] default - Server started listening at port 5000...
[2023-02-19T11:50:46.547] [INFO] default - Server started listening at port 5000...
[2023-02-19T11:50:51.959] [INFO] default - Server started listening at port 5000...
[2023-02-19T11:50:53.767] [INFO] default - Server started listening at port 5000...
[2023-02-19T11:51:05.343] [INFO] default - Server started listening at port 5000...
[2023-02-19T11:51:07.902] [INFO] default - Server started listening at port 5000...
[2023-02-19T11:51:11.767] [INFO] default - Server started listening at port 5000...
[2023-02-19T11:51:21.206] [INFO] default - Server started listening at port 5000...
[2023-02-19T11:51:23.178] [INFO] default - Server started listening at port 5000...
[2023-02-19T11:51:38.361] [INFO] default - Server started listening at port 5000...
[2023-02-19T11:51:46.600] [FATAL] default - AdminIdentity not registered!!!
[2023-02-19T11:51:46.601] [INFO] default - Enrolling Admin for Org1
[2023-02-19T11:51:48.840] [ERROR] default - From Enroll Admin:  Error: Calling enroll endpoint failed with error [Error: connect ECONNREFUSED 213.239.194.188:7054]
    at ClientRequest.<anonymous> (/home/bilal/test2/setup1/vm1/api-2.0/node_modules/fabric-ca-client/lib/FabricCAClient.js:327:19)
    at ClientRequest.emit (node:events:513:28)
    at TLSSocket.socketErrorListener (node:_http_client:494:9)
    at TLSSocket.emit (node:events:513:28)
    at emitErrorNT (node:internal/streams/destroy:157:8)
    at emitErrorCloseNT (node:internal/streams/destroy:122:3)
    at processTicksAndRejections (node:internal/process/task_queues:83:21) {
  errno: -111,
  code: 'ECONNREFUSED',
  syscall: 'connect',
  address: '213.239.194.188',
  port: 7054
}
[2023-02-19T11:55:36.987] [INFO] default - Server started listening at port 5000...
[2023-02-19T11:55:40.473] [FATAL] default - AdminIdentity not registered!!!
[2023-02-19T11:55:40.475] [INFO] default - Enrolling Admin for Org1
[2023-02-19T12:00:11.896] [INFO] default - Server started listening at port 5000...
[2023-02-19T12:01:22.190] [INFO] default - Server started listening at port 5000...
[2023-02-19T12:01:42.097] [INFO] default - Server started listening at port 5000...
[2023-02-19T12:01:48.745] [INFO] default - Server started listening at port 5000...
[2023-02-19T12:01:57.856] [INFO] default - Server started listening at port 5000...
[2023-02-19T12:01:59.529] [INFO] default - Server started listening at port 5000...
[2023-02-19T12:02:01.064] [INFO] default - Endpoing: /api/register
[2023-02-19T12:02:01.065] [INFO] default - Request Body:  { username: 'bilal', orgname: 'Org1' }
[2023-02-19T12:02:42.354] [INFO] default - Server started listening at port 5000...
[2023-02-19T12:02:48.989] [INFO] default - Server started listening at port 5000...
[2023-02-19T12:02:52.136] [INFO] default - Server started listening at port 5000...
[2023-02-19T12:02:52.455] [INFO] default - Endpoing: /api/register
[2023-02-19T12:02:52.456] [INFO] default - Request Body:  { username: 'bilal', orgname: 'Org1' }
[2023-02-19T12:02:52.475] [DEBUG] default - Wallet PatH:  /home/bilal/test2/setup1/vm1/org1-wallet
[2023-02-19T12:03:23.579] [INFO] default - Server started listening at port 5000...
[2023-02-19T12:03:23.641] [INFO] default - Endpoing: /api/register
[2023-02-19T12:03:23.641] [INFO] default - Request Body:  { username: 'bilal', orgname: 'Org1' }
[2023-02-19T12:03:23.645] [DEBUG] default - Wallet PatH:  /home/bilal/test2/setup1/vm1/org1-wallet
[2023-02-19T12:03:23.664] [DEBUG] default - AdminIdentity:  {
  credentials: {
    certificate: '-----BEGIN CERTIFICATE-----\n' +
      'MIIB6jCCAZGgAwIBAgIUZy406aFMjfjTWgEPvkqmH/NmJHIwCgYIKoZIzj0EAwIw\n' +
      'aDELMAkGA1UEBhMCVVMxFzAVBgNVBAgTDk5vcnRoIENhcm9saW5hMRQwEgYDVQQK\n' +
      'EwtIeXBlcmxlZGdlcjEPMA0GA1UECxMGRmFicmljMRkwFwYDVQQDExBmYWJyaWMt\n' +
      'Y2Etc2VydmVyMB4XDTIzMDIxOTExNTEwMFoXDTI0MDIxOTExNTYwMFowITEPMA0G\n' +
      'A1UECxMGY2xpZW50MQ4wDAYDVQQDEwVhZG1pbjBZMBMGByqGSM49AgEGCCqGSM49\n' +
      'AwEHA0IABAyYSj99NtaVOSUW+jj/uMYhFq1v091Y1s7h6S/7c+nRpz8sFQHFJ1zg\n' +
      'rIWQRWOkPy63561qdYDBqnE3TVnyzvWjYDBeMA4GA1UdDwEB/wQEAwIHgDAMBgNV\n' +
      'HRMBAf8EAjAAMB0GA1UdDgQWBBTWu6UJRtKMPSpFNkP0Jh5MyBNFtTAfBgNVHSME\n' +
      'GDAWgBQ87rRU5E7cwLhgdWx+Z+n6WJjTzzAKBggqhkjOPQQDAgNHADBEAiAWUKfV\n' +
      'CFD6ULC6vdx1xROnbV/faobGTsT5I93y2jF9qQIgcZe4aMBKvdiAtDdO3j1+JBtV\n' +
      'VNZCEi+IKPwPjhm8PuA=\n' +
      '-----END CERTIFICATE-----\n',
    privateKey: '-----BEGIN PRIVATE KEY-----\r\n' +
      'MIGHAgEAMBMGByqGSM49AgEGCCqGSM49AwEHBG0wawIBAQQg744OutloxnDvA7lb\r\n' +
      'd/TOlR6WOUqTtbK4F2oEtPDUwyihRANCAAQMmEo/fTbWlTklFvo4/7jGIRatb9Pd\r\n' +
      'WNbO4ekv+3Pp0ac/LBUBxSdc4KyFkEVjpD8ut+etanWAwapxN01Z8s71\r\n' +
      '-----END PRIVATE KEY-----\r\n'
  },
  mspId: 'Org1MSP',
  type: 'X.509'
}
[2023-02-19T12:04:14.470] [INFO] default - Server started listening at port 5000...
[2023-02-19T12:04:17.246] [INFO] default - Server started listening at port 5000...
[2023-02-19T12:04:22.816] [INFO] default - Server started listening at port 5000...
[2023-02-19T12:04:24.486] [INFO] default - Endpoing: /api/register
[2023-02-19T12:04:24.487] [INFO] default - Request Body:  { username: 'bilal', orgname: 'Org1' }
[2023-02-19T12:04:24.508] [DEBUG] default - Wallet PatH:  /home/bilal/test2/setup1/vm1/org1-wallet
[2023-02-19T12:04:24.519] [DEBUG] default - UserIdentity:  undefined
[2023-02-19T12:04:24.535] [DEBUG] default - AdminIdentity:  {
  credentials: {
    certificate: '-----BEGIN CERTIFICATE-----\n' +
      'MIIB6jCCAZGgAwIBAgIUZy406aFMjfjTWgEPvkqmH/NmJHIwCgYIKoZIzj0EAwIw\n' +
      'aDELMAkGA1UEBhMCVVMxFzAVBgNVBAgTDk5vcnRoIENhcm9saW5hMRQwEgYDVQQK\n' +
      'EwtIeXBlcmxlZGdlcjEPMA0GA1UECxMGRmFicmljMRkwFwYDVQQDExBmYWJyaWMt\n' +
      'Y2Etc2VydmVyMB4XDTIzMDIxOTExNTEwMFoXDTI0MDIxOTExNTYwMFowITEPMA0G\n' +
      'A1UECxMGY2xpZW50MQ4wDAYDVQQDEwVhZG1pbjBZMBMGByqGSM49AgEGCCqGSM49\n' +
      'AwEHA0IABAyYSj99NtaVOSUW+jj/uMYhFq1v091Y1s7h6S/7c+nRpz8sFQHFJ1zg\n' +
      'rIWQRWOkPy63561qdYDBqnE3TVnyzvWjYDBeMA4GA1UdDwEB/wQEAwIHgDAMBgNV\n' +
      'HRMBAf8EAjAAMB0GA1UdDgQWBBTWu6UJRtKMPSpFNkP0Jh5MyBNFtTAfBgNVHSME\n' +
      'GDAWgBQ87rRU5E7cwLhgdWx+Z+n6WJjTzzAKBggqhkjOPQQDAgNHADBEAiAWUKfV\n' +
      'CFD6ULC6vdx1xROnbV/faobGTsT5I93y2jF9qQIgcZe4aMBKvdiAtDdO3j1+JBtV\n' +
      'VNZCEi+IKPwPjhm8PuA=\n' +
      '-----END CERTIFICATE-----\n',
    privateKey: '-----BEGIN PRIVATE KEY-----\r\n' +
      'MIGHAgEAMBMGByqGSM49AgEGCCqGSM49AwEHBG0wawIBAQQg744OutloxnDvA7lb\r\n' +
      'd/TOlR6WOUqTtbK4F2oEtPDUwyihRANCAAQMmEo/fTbWlTklFvo4/7jGIRatb9Pd\r\n' +
      'WNbO4ekv+3Pp0ac/LBUBxSdc4KyFkEVjpD8ut+etanWAwapxN01Z8s71\r\n' +
      '-----END PRIVATE KEY-----\r\n'
  },
  mspId: 'Org1MSP',
  type: 'X.509'
}
[2023-02-19T12:06:31.589] [INFO] default - Server started listening at port 5000...
[2023-02-19T12:06:33.337] [INFO] default - Server started listening at port 5000...
[2023-02-19T12:06:37.372] [INFO] default - Endpoing: /api/register
[2023-02-19T12:06:37.373] [INFO] default - Request Body:  { username: 'bilal', orgname: 'Org1' }
[2023-02-19T12:06:37.378] [DEBUG] default - Wallet PatH:  /home/bilal/test2/setup1/vm1/api-2.0/org1-wallet
[2023-02-19T12:06:37.390] [DEBUG] default - UserIdentity:  undefined
[2023-02-19T12:06:37.399] [DEBUG] default - AdminIdentity:  undefined
[2023-02-19T12:06:37.405] [FATAL] default - AdminIdentity not registered!!!
[2023-02-19T12:06:37.407] [INFO] default - Enrolling Admin for Org1
[2023-02-19T12:07:08.538] [INFO] default - Server started listening at port 5000...
[2023-02-19T12:07:18.171] [INFO] default - Endpoing: /api/register
[2023-02-19T12:07:18.171] [INFO] default - Request Body:  { username: 'bilal', orgname: 'Org1' }
[2023-02-19T12:07:18.176] [DEBUG] default - Wallet PatH:  /home/bilal/test2/setup1/vm1/api-2.0/org1-wallet
[2023-02-19T12:07:18.182] [DEBUG] default - UserIdentity:  undefined
[2023-02-19T12:07:18.185] [DEBUG] default - AdminIdentity:  {
  credentials: {
    certificate: '-----BEGIN CERTIFICATE-----\n' +
      'MIIB6jCCAZGgAwIBAgIUbdbzRpEpSNoJbttkGdtPnfpA42owCgYIKoZIzj0EAwIw\n' +
      'aDELMAkGA1UEBhMCVVMxFzAVBgNVBAgTDk5vcnRoIENhcm9saW5hMRQwEgYDVQQK\n' +
      'EwtIeXBlcmxlZGdlcjEPMA0GA1UECxMGRmFicmljMRkwFwYDVQQDExBmYWJyaWMt\n' +
      'Y2Etc2VydmVyMB4XDTIzMDIxOTEyMDIwMFoXDTI0MDIxOTEyMDcwMFowITEPMA0G\n' +
      'A1UECxMGY2xpZW50MQ4wDAYDVQQDEwVhZG1pbjBZMBMGByqGSM49AgEGCCqGSM49\n' +
      'AwEHA0IABLXGMERu8A7NMaxVfh+xJQr3ad7DKRCWReMdNgsrTwGw4nANdnOL4tV1\n' +
      'WYoik9RiCjZQ9wxGpOBFCA6iNBoOInujYDBeMA4GA1UdDwEB/wQEAwIHgDAMBgNV\n' +
      'HRMBAf8EAjAAMB0GA1UdDgQWBBSvHCfv9rwBwvgG6+iS6AvGQKuJhDAfBgNVHSME\n' +
      'GDAWgBTzdTzGGXfdxUgMRY+UgedzwOoaqDAKBggqhkjOPQQDAgNHADBEAiBvsYtp\n' +
      'wonwPn3Ix0aU87TcvdprsNZs1YI2boYixcp7ZQIgD4ajv/q4OyvdMbTq4aAPFu/P\n' +
      'sv9xHLfMqjOR3SEppxk=\n' +
      '-----END CERTIFICATE-----\n',
    privateKey: '-----BEGIN PRIVATE KEY-----\r\n' +
      'MIGHAgEAMBMGByqGSM49AgEGCCqGSM49AwEHBG0wawIBAQQgclJXKi3887bco2tu\r\n' +
      'YCFe9A4uI38h9W61ueCd/pZxVqGhRANCAAS1xjBEbvAOzTGsVX4fsSUK92newykQ\r\n' +
      'lkXjHTYLK08BsOJwDXZzi+LVdVmKIpPUYgo2UPcMRqTgRQgOojQaDiJ7\r\n' +
      '-----END PRIVATE KEY-----\r\n'
  },
  mspId: 'Org1MSP',
  type: 'X.509'
}
[2023-02-19T12:07:46.133] [INFO] default - Server started listening at port 5000...
[2023-02-19T12:07:50.123] [INFO] default - Server started listening at port 5000...
[2023-02-19T12:07:59.618] [INFO] default - Server started listening at port 5000...
[2023-02-19T12:08:03.847] [INFO] default - Server started listening at port 5000...
[2023-02-19T12:08:12.725] [INFO] default - Server started listening at port 5000...
[2023-02-19T12:08:15.009] [INFO] default - Endpoing: /api/register
[2023-02-19T12:08:15.010] [INFO] default - Request Body:  { username: 'bilal', orgname: 'Org1' }
[2023-02-19T12:08:15.014] [DEBUG] default - Wallet PatH:  /home/bilal/test2/setup1/vm1/api-2.0/org1-wallet
[2023-02-19T12:08:15.019] [DEBUG] default - UserIdentity:  undefined
[2023-02-19T12:08:15.030] [DEBUG] default - AdminIdentity:  {
  credentials: {
    certificate: '-----BEGIN CERTIFICATE-----\n' +
      'MIIB6jCCAZGgAwIBAgIUbdbzRpEpSNoJbttkGdtPnfpA42owCgYIKoZIzj0EAwIw\n' +
      'aDELMAkGA1UEBhMCVVMxFzAVBgNVBAgTDk5vcnRoIENhcm9saW5hMRQwEgYDVQQK\n' +
      'EwtIeXBlcmxlZGdlcjEPMA0GA1UECxMGRmFicmljMRkwFwYDVQQDExBmYWJyaWMt\n' +
      'Y2Etc2VydmVyMB4XDTIzMDIxOTEyMDIwMFoXDTI0MDIxOTEyMDcwMFowITEPMA0G\n' +
      'A1UECxMGY2xpZW50MQ4wDAYDVQQDEwVhZG1pbjBZMBMGByqGSM49AgEGCCqGSM49\n' +
      'AwEHA0IABLXGMERu8A7NMaxVfh+xJQr3ad7DKRCWReMdNgsrTwGw4nANdnOL4tV1\n' +
      'WYoik9RiCjZQ9wxGpOBFCA6iNBoOInujYDBeMA4GA1UdDwEB/wQEAwIHgDAMBgNV\n' +
      'HRMBAf8EAjAAMB0GA1UdDgQWBBSvHCfv9rwBwvgG6+iS6AvGQKuJhDAfBgNVHSME\n' +
      'GDAWgBTzdTzGGXfdxUgMRY+UgedzwOoaqDAKBggqhkjOPQQDAgNHADBEAiBvsYtp\n' +
      'wonwPn3Ix0aU87TcvdprsNZs1YI2boYixcp7ZQIgD4ajv/q4OyvdMbTq4aAPFu/P\n' +
      'sv9xHLfMqjOR3SEppxk=\n' +
      '-----END CERTIFICATE-----\n',
    privateKey: '-----BEGIN PRIVATE KEY-----\r\n' +
      'MIGHAgEAMBMGByqGSM49AgEGCCqGSM49AwEHBG0wawIBAQQgclJXKi3887bco2tu\r\n' +
      'YCFe9A4uI38h9W61ueCd/pZxVqGhRANCAAS1xjBEbvAOzTGsVX4fsSUK92newykQ\r\n' +
      'lkXjHTYLK08BsOJwDXZzi+LVdVmKIpPUYgo2UPcMRqTgRQgOojQaDiJ7\r\n' +
      '-----END PRIVATE KEY-----\r\n'
  },
  mspId: 'Org1MSP',
  type: 'X.509'
}
[2023-02-19T12:09:00.423] [INFO] default - Server started listening at port 5000...
[2023-02-19T12:09:04.123] [INFO] default - Server started listening at port 5000...
[2023-02-19T12:09:06.104] [INFO] default - Endpoing: /api/register
[2023-02-19T12:09:06.105] [INFO] default - Request Body:  { username: 'bilal', orgname: 'Org1' }
[2023-02-19T12:09:06.114] [DEBUG] default - Wallet PatH:  /home/bilal/test2/setup1/vm1/api-2.0/org1-wallet
[2023-02-19T12:09:06.127] [DEBUG] default - UserIdentity:  undefined
[2023-02-19T12:09:06.132] [DEBUG] default - AdminIdentity:  {
  credentials: {
    certificate: '-----BEGIN CERTIFICATE-----\n' +
      'MIIB6jCCAZGgAwIBAgIUbdbzRpEpSNoJbttkGdtPnfpA42owCgYIKoZIzj0EAwIw\n' +
      'aDELMAkGA1UEBhMCVVMxFzAVBgNVBAgTDk5vcnRoIENhcm9saW5hMRQwEgYDVQQK\n' +
      'EwtIeXBlcmxlZGdlcjEPMA0GA1UECxMGRmFicmljMRkwFwYDVQQDExBmYWJyaWMt\n' +
      'Y2Etc2VydmVyMB4XDTIzMDIxOTEyMDIwMFoXDTI0MDIxOTEyMDcwMFowITEPMA0G\n' +
      'A1UECxMGY2xpZW50MQ4wDAYDVQQDEwVhZG1pbjBZMBMGByqGSM49AgEGCCqGSM49\n' +
      'AwEHA0IABLXGMERu8A7NMaxVfh+xJQr3ad7DKRCWReMdNgsrTwGw4nANdnOL4tV1\n' +
      'WYoik9RiCjZQ9wxGpOBFCA6iNBoOInujYDBeMA4GA1UdDwEB/wQEAwIHgDAMBgNV\n' +
      'HRMBAf8EAjAAMB0GA1UdDgQWBBSvHCfv9rwBwvgG6+iS6AvGQKuJhDAfBgNVHSME\n' +
      'GDAWgBTzdTzGGXfdxUgMRY+UgedzwOoaqDAKBggqhkjOPQQDAgNHADBEAiBvsYtp\n' +
      'wonwPn3Ix0aU87TcvdprsNZs1YI2boYixcp7ZQIgD4ajv/q4OyvdMbTq4aAPFu/P\n' +
      'sv9xHLfMqjOR3SEppxk=\n' +
      '-----END CERTIFICATE-----\n',
    privateKey: '-----BEGIN PRIVATE KEY-----\r\n' +
      'MIGHAgEAMBMGByqGSM49AgEGCCqGSM49AwEHBG0wawIBAQQgclJXKi3887bco2tu\r\n' +
      'YCFe9A4uI38h9W61ueCd/pZxVqGhRANCAAS1xjBEbvAOzTGsVX4fsSUK92newykQ\r\n' +
      'lkXjHTYLK08BsOJwDXZzi+LVdVmKIpPUYgo2UPcMRqTgRQgOojQaDiJ7\r\n' +
      '-----END PRIVATE KEY-----\r\n'
  },
  mspId: 'Org1MSP',
  type: 'X.509'
}
[2023-02-19T12:09:47.140] [INFO] default - Server started listening at port 5000...
[2023-02-19T12:09:47.413] [INFO] default - Endpoing: /api/register
[2023-02-19T12:09:47.414] [INFO] default - Request Body:  { username: 'bilal', orgname: 'Org1' }
[2023-02-19T12:09:47.428] [DEBUG] default - Wallet PatH:  /home/bilal/test2/setup1/vm1/api-2.0/org1-wallet
[2023-02-19T12:09:47.434] [DEBUG] default - UserIdentity:  undefined
[2023-02-19T12:09:47.437] [DEBUG] default - AdminIdentity:  {
  credentials: {
    certificate: '-----BEGIN CERTIFICATE-----\n' +
      'MIIB6jCCAZGgAwIBAgIUbdbzRpEpSNoJbttkGdtPnfpA42owCgYIKoZIzj0EAwIw\n' +
      'aDELMAkGA1UEBhMCVVMxFzAVBgNVBAgTDk5vcnRoIENhcm9saW5hMRQwEgYDVQQK\n' +
      'EwtIeXBlcmxlZGdlcjEPMA0GA1UECxMGRmFicmljMRkwFwYDVQQDExBmYWJyaWMt\n' +
      'Y2Etc2VydmVyMB4XDTIzMDIxOTEyMDIwMFoXDTI0MDIxOTEyMDcwMFowITEPMA0G\n' +
      'A1UECxMGY2xpZW50MQ4wDAYDVQQDEwVhZG1pbjBZMBMGByqGSM49AgEGCCqGSM49\n' +
      'AwEHA0IABLXGMERu8A7NMaxVfh+xJQr3ad7DKRCWReMdNgsrTwGw4nANdnOL4tV1\n' +
      'WYoik9RiCjZQ9wxGpOBFCA6iNBoOInujYDBeMA4GA1UdDwEB/wQEAwIHgDAMBgNV\n' +
      'HRMBAf8EAjAAMB0GA1UdDgQWBBSvHCfv9rwBwvgG6+iS6AvGQKuJhDAfBgNVHSME\n' +
      'GDAWgBTzdTzGGXfdxUgMRY+UgedzwOoaqDAKBggqhkjOPQQDAgNHADBEAiBvsYtp\n' +
      'wonwPn3Ix0aU87TcvdprsNZs1YI2boYixcp7ZQIgD4ajv/q4OyvdMbTq4aAPFu/P\n' +
      'sv9xHLfMqjOR3SEppxk=\n' +
      '-----END CERTIFICATE-----\n',
    privateKey: '-----BEGIN PRIVATE KEY-----\r\n' +
      'MIGHAgEAMBMGByqGSM49AgEGCCqGSM49AwEHBG0wawIBAQQgclJXKi3887bco2tu\r\n' +
      'YCFe9A4uI38h9W61ueCd/pZxVqGhRANCAAS1xjBEbvAOzTGsVX4fsSUK92newykQ\r\n' +
      'lkXjHTYLK08BsOJwDXZzi+LVdVmKIpPUYgo2UPcMRqTgRQgOojQaDiJ7\r\n' +
      '-----END PRIVATE KEY-----\r\n'
  },
  mspId: 'Org1MSP',
  type: 'X.509'
}
[2023-02-19T12:10:22.514] [INFO] default - Server started listening at port 5000...
[2023-02-19T12:10:27.496] [INFO] default - Server started listening at port 5000...
[2023-02-19T12:10:27.561] [INFO] default - Endpoing: /api/register
[2023-02-19T12:10:27.562] [INFO] default - Request Body:  { username: 'bilal', orgname: 'Org1' }
[2023-02-19T12:10:27.566] [DEBUG] default - Wallet PatH:  /home/bilal/test2/setup1/vm1/api-2.0/org1-wallet
[2023-02-19T12:10:27.575] [DEBUG] default - UserIdentity:  undefined
[2023-02-19T12:10:27.579] [DEBUG] default - AdminIdentity:  {
  credentials: {
    certificate: '-----BEGIN CERTIFICATE-----\n' +
      'MIIB6jCCAZGgAwIBAgIUbdbzRpEpSNoJbttkGdtPnfpA42owCgYIKoZIzj0EAwIw\n' +
      'aDELMAkGA1UEBhMCVVMxFzAVBgNVBAgTDk5vcnRoIENhcm9saW5hMRQwEgYDVQQK\n' +
      'EwtIeXBlcmxlZGdlcjEPMA0GA1UECxMGRmFicmljMRkwFwYDVQQDExBmYWJyaWMt\n' +
      'Y2Etc2VydmVyMB4XDTIzMDIxOTEyMDIwMFoXDTI0MDIxOTEyMDcwMFowITEPMA0G\n' +
      'A1UECxMGY2xpZW50MQ4wDAYDVQQDEwVhZG1pbjBZMBMGByqGSM49AgEGCCqGSM49\n' +
      'AwEHA0IABLXGMERu8A7NMaxVfh+xJQr3ad7DKRCWReMdNgsrTwGw4nANdnOL4tV1\n' +
      'WYoik9RiCjZQ9wxGpOBFCA6iNBoOInujYDBeMA4GA1UdDwEB/wQEAwIHgDAMBgNV\n' +
      'HRMBAf8EAjAAMB0GA1UdDgQWBBSvHCfv9rwBwvgG6+iS6AvGQKuJhDAfBgNVHSME\n' +
      'GDAWgBTzdTzGGXfdxUgMRY+UgedzwOoaqDAKBggqhkjOPQQDAgNHADBEAiBvsYtp\n' +
      'wonwPn3Ix0aU87TcvdprsNZs1YI2boYixcp7ZQIgD4ajv/q4OyvdMbTq4aAPFu/P\n' +
      'sv9xHLfMqjOR3SEppxk=\n' +
      '-----END CERTIFICATE-----\n',
    privateKey: '-----BEGIN PRIVATE KEY-----\r\n' +
      'MIGHAgEAMBMGByqGSM49AgEGCCqGSM49AwEHBG0wawIBAQQgclJXKi3887bco2tu\r\n' +
      'YCFe9A4uI38h9W61ueCd/pZxVqGhRANCAAS1xjBEbvAOzTGsVX4fsSUK92newykQ\r\n' +
      'lkXjHTYLK08BsOJwDXZzi+LVdVmKIpPUYgo2UPcMRqTgRQgOojQaDiJ7\r\n' +
      '-----END PRIVATE KEY-----\r\n'
  },
  mspId: 'Org1MSP',
  type: 'X.509'
}
[2023-02-19T12:11:33.831] [INFO] default - Server started listening at port 5000...
[2023-02-19T12:11:39.163] [INFO] default - Server started listening at port 5000...
[2023-02-19T12:11:52.107] [INFO] default - Server started listening at port 5000...
[2023-02-19T12:11:59.512] [INFO] default - Endpoing: /api/register
[2023-02-19T12:11:59.513] [INFO] default - Request Body:  { username: 'bilal', orgname: 'Org1' }
[2023-02-19T12:11:59.526] [DEBUG] default - Wallet PatH:  /home/bilal/test2/setup1/vm1/api-2.0/org1-wallet
[2023-02-19T12:11:59.564] [DEBUG] default - UserIdentity:  undefined
[2023-02-19T12:11:59.568] [DEBUG] default - AdminIdentity:  {
  credentials: {
    certificate: '-----BEGIN CERTIFICATE-----\n' +
      'MIIB6jCCAZGgAwIBAgIUbdbzRpEpSNoJbttkGdtPnfpA42owCgYIKoZIzj0EAwIw\n' +
      'aDELMAkGA1UEBhMCVVMxFzAVBgNVBAgTDk5vcnRoIENhcm9saW5hMRQwEgYDVQQK\n' +
      'EwtIeXBlcmxlZGdlcjEPMA0GA1UECxMGRmFicmljMRkwFwYDVQQDExBmYWJyaWMt\n' +
      'Y2Etc2VydmVyMB4XDTIzMDIxOTEyMDIwMFoXDTI0MDIxOTEyMDcwMFowITEPMA0G\n' +
      'A1UECxMGY2xpZW50MQ4wDAYDVQQDEwVhZG1pbjBZMBMGByqGSM49AgEGCCqGSM49\n' +
      'AwEHA0IABLXGMERu8A7NMaxVfh+xJQr3ad7DKRCWReMdNgsrTwGw4nANdnOL4tV1\n' +
      'WYoik9RiCjZQ9wxGpOBFCA6iNBoOInujYDBeMA4GA1UdDwEB/wQEAwIHgDAMBgNV\n' +
      'HRMBAf8EAjAAMB0GA1UdDgQWBBSvHCfv9rwBwvgG6+iS6AvGQKuJhDAfBgNVHSME\n' +
      'GDAWgBTzdTzGGXfdxUgMRY+UgedzwOoaqDAKBggqhkjOPQQDAgNHADBEAiBvsYtp\n' +
      'wonwPn3Ix0aU87TcvdprsNZs1YI2boYixcp7ZQIgD4ajv/q4OyvdMbTq4aAPFu/P\n' +
      'sv9xHLfMqjOR3SEppxk=\n' +
      '-----END CERTIFICATE-----\n',
    privateKey: '-----BEGIN PRIVATE KEY-----\r\n' +
      'MIGHAgEAMBMGByqGSM49AgEGCCqGSM49AwEHBG0wawIBAQQgclJXKi3887bco2tu\r\n' +
      'YCFe9A4uI38h9W61ueCd/pZxVqGhRANCAAS1xjBEbvAOzTGsVX4fsSUK92newykQ\r\n' +
      'lkXjHTYLK08BsOJwDXZzi+LVdVmKIpPUYgo2UPcMRqTgRQgOojQaDiJ7\r\n' +
      '-----END PRIVATE KEY-----\r\n'
  },
  mspId: 'Org1MSP',
  type: 'X.509'
}
[2023-02-19T12:13:13.837] [INFO] default - Server started listening at port 5000...
[2023-02-19T12:15:02.784] [INFO] default - Server started listening at port 5000...
[2023-02-19T12:15:03.762] [INFO] default - Endpoing: /api/register
[2023-02-19T12:15:03.763] [INFO] default - Request Body:  { username: 'bilal', orgname: 'Org1' }
[2023-02-19T12:15:03.770] [DEBUG] default - Wallet PatH:  /home/bilal/test2/setup1/vm1/api-2.0/org1-wallet
[2023-02-19T12:15:03.775] [DEBUG] default - UserIdentity:  undefined
[2023-02-19T12:15:03.780] [DEBUG] default - AdminIdentity:  {
  credentials: {
    certificate: '-----BEGIN CERTIFICATE-----\n' +
      'MIIB6jCCAZGgAwIBAgIUbdbzRpEpSNoJbttkGdtPnfpA42owCgYIKoZIzj0EAwIw\n' +
      'aDELMAkGA1UEBhMCVVMxFzAVBgNVBAgTDk5vcnRoIENhcm9saW5hMRQwEgYDVQQK\n' +
      'EwtIeXBlcmxlZGdlcjEPMA0GA1UECxMGRmFicmljMRkwFwYDVQQDExBmYWJyaWMt\n' +
      'Y2Etc2VydmVyMB4XDTIzMDIxOTEyMDIwMFoXDTI0MDIxOTEyMDcwMFowITEPMA0G\n' +
      'A1UECxMGY2xpZW50MQ4wDAYDVQQDEwVhZG1pbjBZMBMGByqGSM49AgEGCCqGSM49\n' +
      'AwEHA0IABLXGMERu8A7NMaxVfh+xJQr3ad7DKRCWReMdNgsrTwGw4nANdnOL4tV1\n' +
      'WYoik9RiCjZQ9wxGpOBFCA6iNBoOInujYDBeMA4GA1UdDwEB/wQEAwIHgDAMBgNV\n' +
      'HRMBAf8EAjAAMB0GA1UdDgQWBBSvHCfv9rwBwvgG6+iS6AvGQKuJhDAfBgNVHSME\n' +
      'GDAWgBTzdTzGGXfdxUgMRY+UgedzwOoaqDAKBggqhkjOPQQDAgNHADBEAiBvsYtp\n' +
      'wonwPn3Ix0aU87TcvdprsNZs1YI2boYixcp7ZQIgD4ajv/q4OyvdMbTq4aAPFu/P\n' +
      'sv9xHLfMqjOR3SEppxk=\n' +
      '-----END CERTIFICATE-----\n',
    privateKey: '-----BEGIN PRIVATE KEY-----\r\n' +
      'MIGHAgEAMBMGByqGSM49AgEGCCqGSM49AwEHBG0wawIBAQQgclJXKi3887bco2tu\r\n' +
      'YCFe9A4uI38h9W61ueCd/pZxVqGhRANCAAS1xjBEbvAOzTGsVX4fsSUK92newykQ\r\n' +
      'lkXjHTYLK08BsOJwDXZzi+LVdVmKIpPUYgo2UPcMRqTgRQgOojQaDiJ7\r\n' +
      '-----END PRIVATE KEY-----\r\n'
  },
  mspId: 'Org1MSP',
  type: 'X.509'
}
[2023-02-19T12:15:03.915] [DEBUG] default - User registered secret:  ndPUqgcjFKOK
[2023-02-19T12:15:04.525] [DEBUG] default - User enrolled:  {
  certificate: '-----BEGIN CERTIFICATE-----\n' +
    'MIICdzCCAh6gAwIBAgIUCzmBgW4nPziA7zOBNa6qib/uOFAwCgYIKoZIzj0EAwIw\n' +
    'aDELMAkGA1UEBhMCVVMxFzAVBgNVBAgTDk5vcnRoIENhcm9saW5hMRQwEgYDVQQK\n' +
    'EwtIeXBlcmxlZGdlcjEPMA0GA1UECxMGRmFicmljMRkwFwYDVQQDExBmYWJyaWMt\n' +
    'Y2Etc2VydmVyMB4XDTIzMDIxOTEyMTAwMFoXDTI0MDIxOTEyMTUwMFowQjEwMA0G\n' +
    'A1UECxMGY2xpZW50MAsGA1UECxMEb3JnMTASBgNVBAsTC2RlcGFydG1lbnQxMQ4w\n' +
    'DAYDVQQDEwViaWxhbDBZMBMGByqGSM49AgEGCCqGSM49AwEHA0IABHVN0IgZ+nKI\n' +
    'I4UmXg1rttxDVcitSg8/7WvIduzd6cc2OG+72ygqgV+3Tfat3mF/WS09AOgFBBKr\n' +
    'MPZRBkSyybejgcswgcgwDgYDVR0PAQH/BAQDAgeAMAwGA1UdEwEB/wQCMAAwHQYD\n' +
    'VR0OBBYEFMVQ8Q5Nnw0lH9MZ4zAFY95aYfXwMB8GA1UdIwQYMBaAFPN1PMYZd93F\n' +
    'SAxFj5SB53PA6hqoMGgGCCoDBAUGBwgBBFx7ImF0dHJzIjp7ImhmLkFmZmlsaWF0\n' +
    'aW9uIjoib3JnMS5kZXBhcnRtZW50MSIsImhmLkVucm9sbG1lbnRJRCI6ImJpbGFs\n' +
    'IiwiaGYuVHlwZSI6ImNsaWVudCJ9fTAKBggqhkjOPQQDAgNHADBEAiAfrM48I0K9\n' +
    'bR2HFr9S6dghf1u/K+oF43DLNwNdgluXYgIgH11LHOq/w6C3Tr8HLHfCN5DKf/6H\n' +
    'XTu2a4Pk3owTdbI=\n' +
    '-----END CERTIFICATE-----\n',
  rootCertificate: '-----BEGIN CERTIFICATE-----\n' +
    'MIICFjCCAb2gAwIBAgIUXiLC843N3Lcf7NBjT6GxGxY5T10wCgYIKoZIzj0EAwIw\n' +
    'aDELMAkGA1UEBhMCVVMxFzAVBgNVBAgTDk5vcnRoIENhcm9saW5hMRQwEgYDVQQK\n' +
    'EwtIeXBlcmxlZGdlcjEPMA0GA1UECxMGRmFicmljMRkwFwYDVQQDExBmYWJyaWMt\n' +
    'Y2Etc2VydmVyMB4XDTIzMDIxOTExNTIwMFoXDTM4MDIxNTExNTIwMFowaDELMAkG\n' +
    'A1UEBhMCVVMxFzAVBgNVBAgTDk5vcnRoIENhcm9saW5hMRQwEgYDVQQKEwtIeXBl\n' +
    'cmxlZGdlcjEPMA0GA1UECxMGRmFicmljMRkwFwYDVQQDExBmYWJyaWMtY2Etc2Vy\n' +
    'dmVyMFkwEwYHKoZIzj0CAQYIKoZIzj0DAQcDQgAEQrWjKRA/JGG4o37rhtpB06OU\n' +
    '+epnun79Qnbr7cUpXxkrerAXrt3YFk3AWIkHh5Ay183FFCMgdTI6WbRsffwZCKNF\n' +
    'MEMwDgYDVR0PAQH/BAQDAgEGMBIGA1UdEwEB/wQIMAYBAf8CAQEwHQYDVR0OBBYE\n' +
    'FPN1PMYZd93FSAxFj5SB53PA6hqoMAoGCCqGSM49BAMCA0cAMEQCID8G5bGaDGNJ\n' +
    'YZX+Swv8n0vagLw4uoDPFtEOtycfRo6bAiAwRVjdao2YvbNf3vr63Ly7EVc45LLT\n' +
    'Xy0NXS/PCcfgQg==\n' +
    '-----END CERTIFICATE-----\n',
  key: ECDSA_KEY {
    _key: {
      type: 'EC',
      isPrivate: true,
      isPublic: false,
      getBigRandom: [Function (anonymous)],
      setNamedCurve: [Function (anonymous)],
      setPrivateKeyHex: [Function (anonymous)],
      setPublicKeyHex: [Function (anonymous)],
      getPublicKeyXYHex: [Function (anonymous)],
      getShortNISTPCurveName: [Function (anonymous)],
      generateKeyPairHex: [Function (anonymous)],
      generatePublicKeyHex: [Function (anonymous)],
      signWithMessageHash: [Function (anonymous)],
      signHex: [Function (anonymous)],
      sign: [Function (anonymous)],
      verifyWithMessageHash: [Function (anonymous)],
      verifyHex: [Function (anonymous)],
      verify: [Function (anonymous)],
      verifyRaw: [Function (anonymous)],
      serializeSig: [Function (anonymous)],
      parseSig: [Function (anonymous)],
      parseSigCompact: [Function (anonymous)],
      readPKCS5PrvKeyHex: [Function (anonymous)],
      readPKCS8PrvKeyHex: [Function (anonymous)],
      readPKCS8PubKeyHex: [Function (anonymous)],
      readCertPubKeyHex: [Function (anonymous)],
      curveName: 'secp256r1',
      ecparams: [Object],
      prvKeyHex: 'b9098fa9e7ac409cc4a33a07e7f409e8128d8709e6c1bcbe521f66aecafb3737',
      pubKeyHex: '04754dd08819fa72882385265e0d6bb6dc4355c8ad4a0f3fed6bc876ecdde9c736386fbbdb282a815fb74df6adde617f592d3d00e8050412ab30f6510644b2c9b7'
    }
  }
}
[2023-02-19T12:15:22.111] [INFO] default - Endpoing: /api/register
[2023-02-19T12:15:22.112] [INFO] default - Request Body:  { username: 'bilal', orgname: 'Org1' }
[2023-02-19T12:15:22.120] [DEBUG] default - Wallet PatH:  /home/bilal/test2/setup1/vm1/api-2.0/org1-wallet
[2023-02-19T12:15:22.131] [DEBUG] default - UserIdentity:  {
  credentials: {
    certificate: '-----BEGIN CERTIFICATE-----\n' +
      'MIICdzCCAh6gAwIBAgIUCzmBgW4nPziA7zOBNa6qib/uOFAwCgYIKoZIzj0EAwIw\n' +
      'aDELMAkGA1UEBhMCVVMxFzAVBgNVBAgTDk5vcnRoIENhcm9saW5hMRQwEgYDVQQK\n' +
      'EwtIeXBlcmxlZGdlcjEPMA0GA1UECxMGRmFicmljMRkwFwYDVQQDExBmYWJyaWMt\n' +
      'Y2Etc2VydmVyMB4XDTIzMDIxOTEyMTAwMFoXDTI0MDIxOTEyMTUwMFowQjEwMA0G\n' +
      'A1UECxMGY2xpZW50MAsGA1UECxMEb3JnMTASBgNVBAsTC2RlcGFydG1lbnQxMQ4w\n' +
      'DAYDVQQDEwViaWxhbDBZMBMGByqGSM49AgEGCCqGSM49AwEHA0IABHVN0IgZ+nKI\n' +
      'I4UmXg1rttxDVcitSg8/7WvIduzd6cc2OG+72ygqgV+3Tfat3mF/WS09AOgFBBKr\n' +
      'MPZRBkSyybejgcswgcgwDgYDVR0PAQH/BAQDAgeAMAwGA1UdEwEB/wQCMAAwHQYD\n' +
      'VR0OBBYEFMVQ8Q5Nnw0lH9MZ4zAFY95aYfXwMB8GA1UdIwQYMBaAFPN1PMYZd93F\n' +
      'SAxFj5SB53PA6hqoMGgGCCoDBAUGBwgBBFx7ImF0dHJzIjp7ImhmLkFmZmlsaWF0\n' +
      'aW9uIjoib3JnMS5kZXBhcnRtZW50MSIsImhmLkVucm9sbG1lbnRJRCI6ImJpbGFs\n' +
      'IiwiaGYuVHlwZSI6ImNsaWVudCJ9fTAKBggqhkjOPQQDAgNHADBEAiAfrM48I0K9\n' +
      'bR2HFr9S6dghf1u/K+oF43DLNwNdgluXYgIgH11LHOq/w6C3Tr8HLHfCN5DKf/6H\n' +
      'XTu2a4Pk3owTdbI=\n' +
      '-----END CERTIFICATE-----\n',
    privateKey: '-----BEGIN PRIVATE KEY-----\r\n' +
      'MIGHAgEAMBMGByqGSM49AgEGCCqGSM49AwEHBG0wawIBAQQguQmPqeesQJzEozoH\r\n' +
      '5/QJ6BKNhwnmwby+Uh9mrsr7NzehRANCAAR1TdCIGfpyiCOFJl4Na7bcQ1XIrUoP\r\n' +
      'P+1ryHbs3enHNjhvu9soKoFft032rd5hf1ktPQDoBQQSqzD2UQZEssm3\r\n' +
      '-----END PRIVATE KEY-----\r\n'
  },
  mspId: 'Org1MSP',
  type: 'X.509'
}
[2023-02-19T12:15:22.160] [FATAL] default - UserIdentity of bilal already exists!!!
[2023-02-19T12:15:22.172] [DEBUG] default - AdminIdentity:  {
  credentials: {
    certificate: '-----BEGIN CERTIFICATE-----\n' +
      'MIIB6jCCAZGgAwIBAgIUbdbzRpEpSNoJbttkGdtPnfpA42owCgYIKoZIzj0EAwIw\n' +
      'aDELMAkGA1UEBhMCVVMxFzAVBgNVBAgTDk5vcnRoIENhcm9saW5hMRQwEgYDVQQK\n' +
      'EwtIeXBlcmxlZGdlcjEPMA0GA1UECxMGRmFicmljMRkwFwYDVQQDExBmYWJyaWMt\n' +
      'Y2Etc2VydmVyMB4XDTIzMDIxOTEyMDIwMFoXDTI0MDIxOTEyMDcwMFowITEPMA0G\n' +
      'A1UECxMGY2xpZW50MQ4wDAYDVQQDEwVhZG1pbjBZMBMGByqGSM49AgEGCCqGSM49\n' +
      'AwEHA0IABLXGMERu8A7NMaxVfh+xJQr3ad7DKRCWReMdNgsrTwGw4nANdnOL4tV1\n' +
      'WYoik9RiCjZQ9wxGpOBFCA6iNBoOInujYDBeMA4GA1UdDwEB/wQEAwIHgDAMBgNV\n' +
      'HRMBAf8EAjAAMB0GA1UdDgQWBBSvHCfv9rwBwvgG6+iS6AvGQKuJhDAfBgNVHSME\n' +
      'GDAWgBTzdTzGGXfdxUgMRY+UgedzwOoaqDAKBggqhkjOPQQDAgNHADBEAiBvsYtp\n' +
      'wonwPn3Ix0aU87TcvdprsNZs1YI2boYixcp7ZQIgD4ajv/q4OyvdMbTq4aAPFu/P\n' +
      'sv9xHLfMqjOR3SEppxk=\n' +
      '-----END CERTIFICATE-----\n',
    privateKey: '-----BEGIN PRIVATE KEY-----\r\n' +
      'MIGHAgEAMBMGByqGSM49AgEGCCqGSM49AwEHBG0wawIBAQQgclJXKi3887bco2tu\r\n' +
      'YCFe9A4uI38h9W61ueCd/pZxVqGhRANCAAS1xjBEbvAOzTGsVX4fsSUK92newykQ\r\n' +
      'lkXjHTYLK08BsOJwDXZzi+LVdVmKIpPUYgo2UPcMRqTgRQgOojQaDiJ7\r\n' +
      '-----END PRIVATE KEY-----\r\n'
  },
  mspId: 'Org1MSP',
  type: 'X.509'
}
[2023-02-19T12:15:34.006] [INFO] default - Server started listening at port 5000...
[2023-02-19T12:15:46.110] [INFO] default - Endpoing: /api/register
[2023-02-19T12:15:46.111] [INFO] default - Request Body:  { username: 'bilal', orgname: 'Org1' }
[2023-02-19T12:15:46.118] [DEBUG] default - Wallet PatH:  /home/bilal/test2/setup1/vm1/api-2.0/org1-wallet
[2023-02-19T12:15:46.125] [DEBUG] default - UserIdentity:  {
  credentials: {
    certificate: '-----BEGIN CERTIFICATE-----\n' +
      'MIICdzCCAh6gAwIBAgIUCzmBgW4nPziA7zOBNa6qib/uOFAwCgYIKoZIzj0EAwIw\n' +
      'aDELMAkGA1UEBhMCVVMxFzAVBgNVBAgTDk5vcnRoIENhcm9saW5hMRQwEgYDVQQK\n' +
      'EwtIeXBlcmxlZGdlcjEPMA0GA1UECxMGRmFicmljMRkwFwYDVQQDExBmYWJyaWMt\n' +
      'Y2Etc2VydmVyMB4XDTIzMDIxOTEyMTAwMFoXDTI0MDIxOTEyMTUwMFowQjEwMA0G\n' +
      'A1UECxMGY2xpZW50MAsGA1UECxMEb3JnMTASBgNVBAsTC2RlcGFydG1lbnQxMQ4w\n' +
      'DAYDVQQDEwViaWxhbDBZMBMGByqGSM49AgEGCCqGSM49AwEHA0IABHVN0IgZ+nKI\n' +
      'I4UmXg1rttxDVcitSg8/7WvIduzd6cc2OG+72ygqgV+3Tfat3mF/WS09AOgFBBKr\n' +
      'MPZRBkSyybejgcswgcgwDgYDVR0PAQH/BAQDAgeAMAwGA1UdEwEB/wQCMAAwHQYD\n' +
      'VR0OBBYEFMVQ8Q5Nnw0lH9MZ4zAFY95aYfXwMB8GA1UdIwQYMBaAFPN1PMYZd93F\n' +
      'SAxFj5SB53PA6hqoMGgGCCoDBAUGBwgBBFx7ImF0dHJzIjp7ImhmLkFmZmlsaWF0\n' +
      'aW9uIjoib3JnMS5kZXBhcnRtZW50MSIsImhmLkVucm9sbG1lbnRJRCI6ImJpbGFs\n' +
      'IiwiaGYuVHlwZSI6ImNsaWVudCJ9fTAKBggqhkjOPQQDAgNHADBEAiAfrM48I0K9\n' +
      'bR2HFr9S6dghf1u/K+oF43DLNwNdgluXYgIgH11LHOq/w6C3Tr8HLHfCN5DKf/6H\n' +
      'XTu2a4Pk3owTdbI=\n' +
      '-----END CERTIFICATE-----\n',
    privateKey: '-----BEGIN PRIVATE KEY-----\r\n' +
      'MIGHAgEAMBMGByqGSM49AgEGCCqGSM49AwEHBG0wawIBAQQguQmPqeesQJzEozoH\r\n' +
      '5/QJ6BKNhwnmwby+Uh9mrsr7NzehRANCAAR1TdCIGfpyiCOFJl4Na7bcQ1XIrUoP\r\n' +
      'P+1ryHbs3enHNjhvu9soKoFft032rd5hf1ktPQDoBQQSqzD2UQZEssm3\r\n' +
      '-----END PRIVATE KEY-----\r\n'
  },
  mspId: 'Org1MSP',
  type: 'X.509'
}
[2023-02-19T12:15:46.135] [FATAL] default - UserIdentity of bilal already exists!!!
[2023-02-19T12:18:22.542] [INFO] default - Server started listening at port 5000...
[2023-02-19T12:18:26.844] [INFO] default - Server started listening at port 5000...
[2023-02-19T12:18:29.039] [INFO] default - Server started listening at port 5000...
[2023-02-19T12:19:11.991] [INFO] default - Server started listening at port 5000...
[2023-02-19T12:19:15.248] [INFO] default - Endpoing: /api/register
[2023-02-19T12:19:15.251] [INFO] default - Request Body:  { username: 'bilal', orgname: 'Org1' }
[2023-02-19T12:19:15.277] [FATAL] default - UserIdentity of bilal already exists!!!
[2023-02-19T12:19:40.046] [INFO] default - Server started listening at port 5000...
[2023-02-19T12:19:42.335] [INFO] default - Server started listening at port 5000...
[2023-02-19T12:19:46.249] [DEBUG] default - Endpoing: /api/register
[2023-02-19T12:19:46.250] [DEBUG] default - Request Body:  { username: 'bilal', orgname: 'Org1' }
[2023-02-19T12:19:46.259] [FATAL] default - UserIdentity of bilal already exists!!!
